Using pre-set license
Built from '2022.3/staging' branch; Version is '2022.3.9f1 (ea401c316338) revision 15351836'; Using compiler version '192829333'; Build Type 'Release'
OS: 'Windows 11  (10.0.22621) 64bit CoreSingleLanguage' Language: 'en' Physical Memory: 15706 MB
BatchMode: 1, IsHumanControllingUs: 0, StartBugReporterOnCrash: 0, Is64bit: 1, IsPro: 1

COMMAND LINE ARGUMENTS:
C:\Program Files\Unity\Hub\Editor\2022.3.9f1\Editor\Unity.exe
-adb2
-batchMode
-noUpm
-name
AssetImportWorker1
-projectPath
D:/LTGame/ASM
-logFile
Logs/AssetImportWorker1.log
-srvPort
51902
Successfully changed project path to: D:/LTGame/ASM
D:/LTGame/ASM
[UnityMemory] Configuration Parameters - Can be set up in boot.config
    "memorysetup-bucket-allocator-granularity=16"
    "memorysetup-bucket-allocator-bucket-count=8"
    "memorysetup-bucket-allocator-block-size=33554432"
    "memorysetup-bucket-allocator-block-count=8"
    "memorysetup-main-allocator-block-size=16777216"
    "memorysetup-thread-allocator-block-size=16777216"
    "memorysetup-gfx-main-allocator-block-size=16777216"
    "memorysetup-gfx-thread-allocator-block-size=16777216"
    "memorysetup-cache-allocator-block-size=4194304"
    "memorysetup-typetree-allocator-block-size=2097152"
    "memorysetup-profiler-bucket-allocator-granularity=16"
    "memorysetup-profiler-bucket-allocator-bucket-count=8"
    "memorysetup-profiler-bucket-allocator-block-size=33554432"
    "memorysetup-profiler-bucket-allocator-block-count=8"
    "memorysetup-profiler-allocator-block-size=16777216"
    "memorysetup-profiler-editor-allocator-block-size=1048576"
    "memorysetup-temp-allocator-size-main=16777216"
    "memorysetup-job-temp-allocator-block-size=2097152"
    "memorysetup-job-temp-allocator-block-size-background=1048576"
    "memorysetup-job-temp-allocator-reduction-small-platforms=262144"
    "memorysetup-allocator-temp-initial-block-size-main=262144"
    "memorysetup-allocator-temp-initial-block-size-worker=262144"
    "memorysetup-temp-allocator-size-background-worker=32768"
    "memorysetup-temp-allocator-size-job-worker=262144"
    "memorysetup-temp-allocator-size-preload-manager=33554432"
    "memorysetup-temp-allocator-size-nav-mesh-worker=65536"
    "memorysetup-temp-allocator-size-audio-worker=65536"
    "memorysetup-temp-allocator-size-cloud-worker=32768"
    "memorysetup-temp-allocator-size-gi-baking-worker=262144"
    "memorysetup-temp-allocator-size-gfx=262144"
Player connection [18868] Host "[IP] 192.168.1.4 [Port] 0 [Flags] 2 [Guid] 236960354 [EditorId] 236960354 [Version] 1048832 [Id] WindowsEditor(7,Acer-A715) [Debug] 1 [PackageName] WindowsEditor [ProjectName] Editor" joined multi-casting on [225.0.0.222:54997]...

Player connection [18868] Host "[IP] 192.168.1.4 [Port] 0 [Flags] 2 [Guid] 236960354 [EditorId] 236960354 [Version] 1048832 [Id] WindowsEditor(7,Acer-A715) [Debug] 1 [PackageName] WindowsEditor [ProjectName] Editor" joined alternative multi-casting on [225.0.0.222:34997]...

[Physics::Module] Initialized MultithreadedJobDispatcher with 11 workers.
Refreshing native plugins compatible for Editor in 9.77 ms, found 2 plugins.
Preloading 0 native plugins for Editor in 0.00 ms.
Initialize engine version: 2022.3.9f1 (ea401c316338)
[Subsystems] Discovering subsystems at path C:/Program Files/Unity/Hub/Editor/2022.3.9f1/Editor/Data/Resources/UnitySubsystems
[Subsystems] Discovering subsystems at path D:/LTGame/ASM/Assets
GfxDevice: creating device client; threaded=0; jobified=0
Direct3D:
    Version:  Direct3D 11.0 [level 11.1]
    Renderer: NVIDIA GeForce GTX 1650 (ID=0x1f9d)
    Vendor:   NVIDIA
    VRAM:     3962 MB
    Driver:   27.21.14.5734
Initialize mono
Mono path[0] = 'C:/Program Files/Unity/Hub/Editor/2022.3.9f1/Editor/Data/Managed'
Mono path[1] = 'C:/Program Files/Unity/Hub/Editor/2022.3.9f1/Editor/Data/MonoBleedingEdge/lib/mono/unityjit-win32'
Mono config path = 'C:/Program Files/Unity/Hub/Editor/2022.3.9f1/Editor/Data/MonoBleedingEdge/etc'
Using monoOptions --debugger-agent=transport=dt_socket,embedding=1,server=y,suspend=n,address=127.0.0.1:56128
Begin MonoManager ReloadAssembly
Registering precompiled unity dll's ...
Register platform support module: C:/Program Files/Unity/Hub/Editor/2022.3.9f1/Editor/Data/PlaybackEngines/WebGLSupport/UnityEditor.WebGL.Extensions.dll
Register platform support module: C:/Program Files/Unity/Hub/Editor/2022.3.9f1/Editor/Data/PlaybackEngines/WindowsStandaloneSupport/UnityEditor.WindowsStandalone.Extensions.dll
Registered in 0.009529 seconds.
- Loaded All Assemblies, in  0.395 seconds
Native extension for WindowsStandalone target not found
Native extension for WebGL target not found
Mono: successfully reloaded assembly
- Finished resetting the current domain, in  0.298 seconds
Domain Reload Profiling: 691ms
	BeginReloadAssembly (124ms)
		ExecutionOrderSort (0ms)
		DisableScriptedObjects (0ms)
		BackupInstance (0ms)
		ReleaseScriptingObjects (0ms)
		CreateAndSetChildDomain (1ms)
	RebuildCommonClasses (37ms)
	RebuildNativeTypeToScriptingClass (11ms)
	initialDomainReloadingComplete (64ms)
	LoadAllAssembliesAndSetupDomain (156ms)
		LoadAssemblies (121ms)
		RebuildTransferFunctionScriptingTraits (0ms)
		AnalyzeDomain (154ms)
			TypeCache.Refresh (152ms)
				TypeCache.ScanAssembly (138ms)
			ScanForSourceGeneratedMonoScriptInfo (0ms)
			ResolveRequiredComponents (0ms)
	FinalizeReload (298ms)
		ReleaseScriptCaches (0ms)
		RebuildScriptCaches (0ms)
		SetupLoadedEditorAssemblies (233ms)
			LogAssemblyErrors (0ms)
			InitializePlatformSupportModulesInManaged (12ms)
			SetLoadedEditorAssemblies (6ms)
			RefreshPlugins (0ms)
			BeforeProcessingInitializeOnLoad (2ms)
			ProcessInitializeOnLoadAttributes (158ms)
			ProcessInitializeOnLoadMethodAttributes (55ms)
			AfterProcessingInitializeOnLoad (0ms)
			EditorAssembliesLoaded (0ms)
		ExecutionOrderSort2 (0ms)
		AwakeInstancesAfterBackupRestoration (0ms)
========================================================================
Worker process is ready to serve import requests
Begin MonoManager ReloadAssembly
Symbol file LoadedFromMemory is not a mono symbol file
- Loaded All Assemblies, in  0.682 seconds
Refreshing native plugins compatible for Editor in 6.07 ms, found 2 plugins.
Native extension for WindowsStandalone target not found
Native extension for WebGL target not found
[Rider] [Info] Rider plugin initialized. You may change the amount of Rider Debug output via Edit -> Preferences -> Rider -> Logging Level
UnityEngine.StackTraceUtility:ExtractStackTrace ()
UnityEngine.DebugLogHandler:LogFormat (UnityEngine.LogType,UnityEngine.Object,string,object[])
UnityEngine.Logger:Log (UnityEngine.LogType,object)
UnityEngine.Debug:Log (object)
Plugins.Editor.JetBrains.RiderPlugin:Log (Plugins.Editor.JetBrains.RiderPlugin/LoggingLevel,string) (at Assets/Plugins/Editor/JetBrains/Unity3DRider.cs:329)
Plugins.Editor.JetBrains.RiderPlugin:InitRiderPlugin () (at Assets/Plugins/Editor/JetBrains/Unity3DRider.cs:501)
Plugins.Editor.JetBrains.RiderPlugin:.cctor () (at Assets/Plugins/Editor/JetBrains/Unity3DRider.cs:488)
System.Runtime.CompilerServices.RuntimeHelpers:RunClassConstructor (System.RuntimeTypeHandle)
UnityEditor.EditorAssemblies:ProcessInitializeOnLoadAttributes (System.Type[])

(Filename: Assets/Plugins/Editor/JetBrains/Unity3DRider.cs Line: 329)

Package Manager log level set to [2]
[Package Manager] Server::EnsureServerProcessIsRunning -- launch failed, reason: Unity was launched with the -noUpm command-line argument
[Package Manager] UpmClient::Send -- Unable to send message (not connected to UPM process).
[Package Manager] Cannot connect to Unity Package Manager local server
Mono: successfully reloaded assembly
- Finished resetting the current domain, in  0.782 seconds
Domain Reload Profiling: 1462ms
	BeginReloadAssembly (178ms)
		ExecutionOrderSort (0ms)
		DisableScriptedObjects (6ms)
		BackupInstance (0ms)
		ReleaseScriptingObjects (0ms)
		CreateAndSetChildDomain (29ms)
	RebuildCommonClasses (44ms)
	RebuildNativeTypeToScriptingClass (12ms)
	initialDomainReloadingComplete (46ms)
	LoadAllAssembliesAndSetupDomain (400ms)
		LoadAssemblies (355ms)
		RebuildTransferFunctionScriptingTraits (0ms)
		AnalyzeDomain (147ms)
			TypeCache.Refresh (119ms)
				TypeCache.ScanAssembly (101ms)
			ScanForSourceGeneratedMonoScriptInfo (18ms)
			ResolveRequiredComponents (9ms)
	FinalizeReload (783ms)
		ReleaseScriptCaches (0ms)
		RebuildScriptCaches (0ms)
		SetupLoadedEditorAssemblies (581ms)
			LogAssemblyErrors (0ms)
			InitializePlatformSupportModulesInManaged (8ms)
			SetLoadedEditorAssemblies (3ms)
			RefreshPlugins (0ms)
			BeforeProcessingInitializeOnLoad (66ms)
			ProcessInitializeOnLoadAttributes (321ms)
			ProcessInitializeOnLoadMethodAttributes (175ms)
			AfterProcessingInitializeOnLoad (7ms)
			EditorAssembliesLoaded (0ms)
		ExecutionOrderSort2 (0ms)
		AwakeInstancesAfterBackupRestoration (8ms)
Launched and connected shader compiler UnityShaderCompiler.exe after 0.06 seconds
Refreshing native plugins compatible for Editor in 6.02 ms, found 2 plugins.
Preloading 0 native plugins for Editor in 0.00 ms.
Unloading 2508 Unused Serialized files (Serialized files now loaded: 0)
Unloading 61 unused Assets / (101.6 KB). Loaded Objects now: 2950.
Memory consumption went from 101.9 MB to 101.8 MB.
Total: 7.121800 ms (FindLiveObjects: 0.290200 ms CreateObjectMapping: 0.068200 ms MarkObjects: 6.537900 ms  DeleteObjects: 0.223500 ms)

AssetImportParameters requested are different than current active one (requested -> active):
  custom:video-decoder-webm-vp8: 9c59270c3fd7afecdb556c50c9e8de78 -> 
  custom:SearchIndexIgnoredProperties: e643bd26f0fe6173181afceb89e7c659 -> 
  custom:container-demuxer-ogg: 62fdf1f143b41e24485cea50d1cbac27 -> 
  custom:AudioImporter_EditorPlatform: d09bf68614088b80899f8185d706f6e7 -> 
  custom:video-decoder-ogg-theora: a1e56fd34408186e4bbccfd4996cb3dc -> 
  custom:framework-win-MediaFoundation: 216162199b28c13a410421893ffa2e32 -> 
  custom:video-encoder-webm-vp8: eb34c28f22e8b96e1ab97ce403110664 -> 
  custom:audio-decoder-ogg-vorbis: bf7c407c2cedff20999df2af8eb42d56 -> 
  custom:CustomObjectIndexerAttribute: 756ad292c208cfabdd7b50bc23989ffe -> 
  custom:container-demuxer-webm: 4f35f7cbe854078d1ac9338744f61a02 -> 
  custom:audio-encoder-webm-vorbis: bf7c407c2cedff20999df2af8eb42d56 -> 
  custom:container-muxer-webm: aa71ff27fc2769a1b78a27578f13a17b -> 
========================================================================
Received Import Request.
  Time since last request: 511771.108619 seconds.
  path: Assets/Game GUI Vol1/PurpleRock/PNG/Cancel.png
  artifactKey: Guid(cff2074e06df54190876089e6dbf29d5) Importer(815301076,1909f56bfc062723c751e8b465ee728b)
Start importing Assets/Game GUI Vol1/PurpleRock/PNG/Cancel.png using Guid(cff2074e06df54190876089e6dbf29d5) Importer(815301076,1909f56bfc062723c751e8b465ee728b)  -> (artifact id: 'ebcc2c96e6e23c18250e2b841b64f7a4') in 0.109930 seconds
Number of updated asset objects reloaded before import = 0
Number of asset objects unloaded after import = 3
========================================================================
Received Import Request.
  Time since last request: 0.000036 seconds.
  path: Assets/Game GUI Vol1/PurpleRock/PNG/Yes.png
  artifactKey: Guid(6ed18601f275b4f8fa32d21d0f35343c) Importer(815301076,1909f56bfc062723c751e8b465ee728b)
Start importing Assets/Game GUI Vol1/PurpleRock/PNG/Yes.png using Guid(6ed18601f275b4f8fa32d21d0f35343c) Importer(815301076,1909f56bfc062723c751e8b465ee728b)  -> (artifact id: '3fe13684d44b92edac510917f79f7b5f') in 0.020283 seconds
Number of updated asset objects reloaded before import = 0
Number of asset objects unloaded after import = 3
========================================================================
Received Import Request.
  Time since last request: 0.000028 seconds.
  path: Assets/Game GUI Vol1/PurpleRock/PNG/RightArrow.png
  artifactKey: Guid(77078911f297f4bd5a569ec4570fb357) Importer(815301076,1909f56bfc062723c751e8b465ee728b)
Start importing Assets/Game GUI Vol1/PurpleRock/PNG/RightArrow.png using Guid(77078911f297f4bd5a569ec4570fb357) Importer(815301076,1909f56bfc062723c751e8b465ee728b)  -> (artifact id: 'e61732f5e24a3756ccb82e078c8fcee9') in 0.016438 seconds
Number of updated asset objects reloaded before import = 0
Number of asset objects unloaded after import = 3
========================================================================
Received Import Request.
  Time since last request: 0.000061 seconds.
  path: Assets/Game GUI Vol1/PurpleRock/PNG/GooglePlus.png
  artifactKey: Guid(dd4882e7a2d7440e59d7a8af06ea9a9c) Importer(815301076,1909f56bfc062723c751e8b465ee728b)
Start importing Assets/Game GUI Vol1/PurpleRock/PNG/GooglePlus.png using Guid(dd4882e7a2d7440e59d7a8af06ea9a9c) Importer(815301076,1909f56bfc062723c751e8b465ee728b)  -> (artifact id: 'fdbf92267891af6348748d7d240136c6') in 0.017099 seconds
Number of updated asset objects reloaded before import = 0
Number of asset objects unloaded after import = 3
========================================================================
Received Import Request.
  Time since last request: 0.000054 seconds.
  path: Assets/Game GUI Vol1/PurpleRock/PNG/LeftArrow.png
  artifactKey: Guid(c0c6d013c6a5040b08fe99535fddb977) Importer(815301076,1909f56bfc062723c751e8b465ee728b)
Start importing Assets/Game GUI Vol1/PurpleRock/PNG/LeftArrow.png using Guid(c0c6d013c6a5040b08fe99535fddb977) Importer(815301076,1909f56bfc062723c751e8b465ee728b)  -> (artifact id: '5a21e7d108868134ca006d351c1b2649') in 0.017641 seconds
Number of updated asset objects reloaded before import = 0
Number of asset objects unloaded after import = 3
========================================================================
Received Import Request.
  Time since last request: 0.000024 seconds.
  path: Assets/Game GUI Vol1/PurpleRock/PNG/Facebook.png
  artifactKey: Guid(9a1a5c88aec014771a05272f2062e021) Importer(815301076,1909f56bfc062723c751e8b465ee728b)
Start importing Assets/Game GUI Vol1/PurpleRock/PNG/Facebook.png using Guid(9a1a5c88aec014771a05272f2062e021) Importer(815301076,1909f56bfc062723c751e8b465ee728b)  -> (artifact id: 'a20e7d6e9fc4e8b9f98f80ec685a8d4d') in 0.018384 seconds
Number of updated asset objects reloaded before import = 0
Number of asset objects unloaded after import = 3
========================================================================
Received Import Request.
  Time since last request: 0.000023 seconds.
  path: Assets/Game GUI Vol1/PurpleRock/PNG/Shop.png
  artifactKey: Guid(1402e28f6b5254db2a8c7e8a008025c0) Importer(815301076,1909f56bfc062723c751e8b465ee728b)
Start importing Assets/Game GUI Vol1/PurpleRock/PNG/Shop.png using Guid(1402e28f6b5254db2a8c7e8a008025c0) Importer(815301076,1909f56bfc062723c751e8b465ee728b)  -> (artifact id: '1a85b47b9b4bb773b70dfbc69d655c13') in 0.017057 seconds
Number of updated asset objects reloaded before import = 0
Number of asset objects unloaded after import = 3
========================================================================
Received Import Request.
  Time since last request: 0.000021 seconds.
  path: Assets/Game GUI Vol1/PurpleRock/PNG/Gamecenter.png
  artifactKey: Guid(7eacd24ae468b4bc585c82d27ba7eeed) Importer(815301076,1909f56bfc062723c751e8b465ee728b)
Start importing Assets/Game GUI Vol1/PurpleRock/PNG/Gamecenter.png using Guid(7eacd24ae468b4bc585c82d27ba7eeed) Importer(815301076,1909f56bfc062723c751e8b465ee728b)  -> (artifact id: 'c123ee04b3b0d51162b425d391259f60') in 0.016550 seconds
Number of updated asset objects reloaded before import = 0
Number of asset objects unloaded after import = 3
========================================================================
Received Import Request.
  Time since last request: 0.000021 seconds.
  path: Assets/Game GUI Vol1/PurpleRock/PNG/SoundOFF.png
  artifactKey: Guid(f4877361b6507457d80b5102839b4cdb) Importer(815301076,1909f56bfc062723c751e8b465ee728b)
Start importing Assets/Game GUI Vol1/PurpleRock/PNG/SoundOFF.png using Guid(f4877361b6507457d80b5102839b4cdb) Importer(815301076,1909f56bfc062723c751e8b465ee728b)  -> (artifact id: 'cd4523b28eadfc05da4c27e7da568c1d') in 0.016027 seconds
Number of updated asset objects reloaded before import = 0
Number of asset objects unloaded after import = 3
========================================================================
Received Import Request.
  Time since last request: 0.000067 seconds.
  path: Assets/Game GUI Vol1/PurpleRock/PNG/LeftArrow2.png
  artifactKey: Guid(2967f194254044f96abcd9634aaae57b) Importer(815301076,1909f56bfc062723c751e8b465ee728b)
Start importing Assets/Game GUI Vol1/PurpleRock/PNG/LeftArrow2.png using Guid(2967f194254044f96abcd9634aaae57b) Importer(815301076,1909f56bfc062723c751e8b465ee728b)  -> (artifact id: '21e9e67051263cd8eb680829d7266a0f') in 0.017123 seconds
Number of updated asset objects reloaded before import = 0
Number of asset objects unloaded after import = 3
========================================================================
Received Import Request.
  Time since last request: 0.000025 seconds.
  path: Assets/Game GUI Vol1/PurpleRock/PNG/Trophy.png
  artifactKey: Guid(6da6a02d4b7c14e9b97f5be021635cf6) Importer(815301076,1909f56bfc062723c751e8b465ee728b)
Start importing Assets/Game GUI Vol1/PurpleRock/PNG/Trophy.png using Guid(6da6a02d4b7c14e9b97f5be021635cf6) Importer(815301076,1909f56bfc062723c751e8b465ee728b)  -> (artifact id: 'e4d182b8d31d65e8108189e2bd31a80e') in 0.015577 seconds
Number of updated asset objects reloaded before import = 0
Number of asset objects unloaded after import = 3
========================================================================
Received Import Request.
  Time since last request: 0.000025 seconds.
  path: Assets/Game GUI Vol1/PurpleRock/PNG/SoundON.png
  artifactKey: Guid(aebe8973df4444fb096d979f24b536bf) Importer(815301076,1909f56bfc062723c751e8b465ee728b)
Start importing Assets/Game GUI Vol1/PurpleRock/PNG/SoundON.png using Guid(aebe8973df4444fb096d979f24b536bf) Importer(815301076,1909f56bfc062723c751e8b465ee728b)  -> (artifact id: 'e682599f41cbb4f743256ff6dbc63b8c') in 0.014513 seconds
Number of updated asset objects reloaded before import = 0
Number of asset objects unloaded after import = 3
========================================================================
Received Import Request.
  Time since last request: 0.000019 seconds.
  path: Assets/Game GUI Vol1/PurpleRock/PNG/UpArrow.png
  artifactKey: Guid(9d38a27b414cd4aa8a1b03f38b9ddcb0) Importer(815301076,1909f56bfc062723c751e8b465ee728b)
Start importing Assets/Game GUI Vol1/PurpleRock/PNG/UpArrow.png using Guid(9d38a27b414cd4aa8a1b03f38b9ddcb0) Importer(815301076,1909f56bfc062723c751e8b465ee728b)  -> (artifact id: '4deafa3494c220fa8734d933556cf98f') in 0.014598 seconds
Number of updated asset objects reloaded before import = 0
Number of asset objects unloaded after import = 3
========================================================================
Received Import Request.
  Time since last request: 10.701621 seconds.
  path: Assets/Game GUI Vol1/WoodenBlocks/PNG/Dollar.png
  artifactKey: Guid(cc52ac453e019400984c19bb920c9217) Importer(815301076,1909f56bfc062723c751e8b465ee728b)
Start importing Assets/Game GUI Vol1/WoodenBlocks/PNG/Dollar.png using Guid(cc52ac453e019400984c19bb920c9217) Importer(815301076,1909f56bfc062723c751e8b465ee728b)  -> (artifact id: '4dea5b2d5c3cc0fe3c3c2a86f59bdd46') in 0.018854 seconds
Number of updated asset objects reloaded before import = 0
Number of asset objects unloaded after import = 3
========================================================================
Received Import Request.
  Time since last request: 0.000020 seconds.
  path: Assets/Game GUI Vol1/WoodenBlocks/PNG/Forward.png
  artifactKey: Guid(b4d4b6ba6b700437281965634850cd98) Importer(815301076,1909f56bfc062723c751e8b465ee728b)
Start importing Assets/Game GUI Vol1/WoodenBlocks/PNG/Forward.png using Guid(b4d4b6ba6b700437281965634850cd98) Importer(815301076,1909f56bfc062723c751e8b465ee728b)  -> (artifact id: '9fb280bf630717b7f6b08a0ec8181c3d') in 0.016626 seconds
Number of updated asset objects reloaded before import = 0
Number of asset objects unloaded after import = 3
========================================================================
Received Import Request.
  Time since last request: 0.000024 seconds.
  path: Assets/Game GUI Vol1/WoodenBlocks/PNG/Minus.png
  artifactKey: Guid(f13dc8a456a284e7b8a7489bb427798d) Importer(815301076,1909f56bfc062723c751e8b465ee728b)
Start importing Assets/Game GUI Vol1/WoodenBlocks/PNG/Minus.png using Guid(f13dc8a456a284e7b8a7489bb427798d) Importer(815301076,1909f56bfc062723c751e8b465ee728b)  -> (artifact id: 'a323af30b776676a810205d0c8c18b27') in 0.018114 seconds
Number of updated asset objects reloaded before import = 0
Number of asset objects unloaded after import = 3
========================================================================
Received Import Request.
  Time since last request: 0.000023 seconds.
  path: Assets/Game GUI Vol1/WoodenBlocks/PNG/GooglePlus.png
  artifactKey: Guid(b6ac349d9494c4899bb71d2f222547eb) Importer(815301076,1909f56bfc062723c751e8b465ee728b)
Start importing Assets/Game GUI Vol1/WoodenBlocks/PNG/GooglePlus.png using Guid(b6ac349d9494c4899bb71d2f222547eb) Importer(815301076,1909f56bfc062723c751e8b465ee728b)  -> (artifact id: '280845a693098196974f6a5c92733bce') in 0.015056 seconds
Number of updated asset objects reloaded before import = 0
Number of asset objects unloaded after import = 3
========================================================================
Received Import Request.
  Time since last request: 0.000020 seconds.
  path: Assets/Game GUI Vol1/WoodenBlocks/PNG/Menu.png
  artifactKey: Guid(21a4f3d60a402429ebe35a661aa8a158) Importer(815301076,1909f56bfc062723c751e8b465ee728b)
Start importing Assets/Game GUI Vol1/WoodenBlocks/PNG/Menu.png using Guid(21a4f3d60a402429ebe35a661aa8a158) Importer(815301076,1909f56bfc062723c751e8b465ee728b)  -> (artifact id: '4111502379d7d917a03c0f8c9133de97') in 0.015577 seconds
Number of updated asset objects reloaded before import = 0
Number of asset objects unloaded after import = 3
========================================================================
Received Import Request.
  Time since last request: 0.000020 seconds.
  path: Assets/Game GUI Vol1/WoodenBlocks/PNG/RightArrow2.png
  artifactKey: Guid(306b16567939347c78cf9ab470a783ca) Importer(815301076,1909f56bfc062723c751e8b465ee728b)
Start importing Assets/Game GUI Vol1/WoodenBlocks/PNG/RightArrow2.png using Guid(306b16567939347c78cf9ab470a783ca) Importer(815301076,1909f56bfc062723c751e8b465ee728b)  -> (artifact id: 'f0cd5ea69deb157563220f4b5233f1de') in 0.017690 seconds
Number of updated asset objects reloaded before import = 0
Number of asset objects unloaded after import = 3
========================================================================
Received Import Request.
  Time since last request: 0.000030 seconds.
  path: Assets/Game GUI Vol1/WoodenBlocks/PNG/Twitter.png
  artifactKey: Guid(7010a400a94bc4ca098a158cd29f6669) Importer(815301076,1909f56bfc062723c751e8b465ee728b)
Start importing Assets/Game GUI Vol1/WoodenBlocks/PNG/Twitter.png using Guid(7010a400a94bc4ca098a158cd29f6669) Importer(815301076,1909f56bfc062723c751e8b465ee728b)  -> (artifact id: 'f18456939ca8278839e761815240477b') in 0.016436 seconds
Number of updated asset objects reloaded before import = 0
Number of asset objects unloaded after import = 3
========================================================================
Received Import Request.
  Time since last request: 0.000036 seconds.
  path: Assets/Game GUI Vol1/WoodenBlocks/PNG/Restart.png
  artifactKey: Guid(59e899b457bb24211ba8899f1a5d1d8b) Importer(815301076,1909f56bfc062723c751e8b465ee728b)
Start importing Assets/Game GUI Vol1/WoodenBlocks/PNG/Restart.png using Guid(59e899b457bb24211ba8899f1a5d1d8b) Importer(815301076,1909f56bfc062723c751e8b465ee728b)  -> (artifact id: '61c5ea78cddace0ecc7f32c2fdeaf0d1') in 0.016345 seconds
Number of updated asset objects reloaded before import = 0
Number of asset objects unloaded after import = 3
========================================================================
Received Import Request.
  Time since last request: 0.000036 seconds.
  path: Assets/Game GUI Vol1/WoodenBlocks/PNG/Info.png
  artifactKey: Guid(e2f97d3975aca4a5f975ded803cdc06b) Importer(815301076,1909f56bfc062723c751e8b465ee728b)
Start importing Assets/Game GUI Vol1/WoodenBlocks/PNG/Info.png using Guid(e2f97d3975aca4a5f975ded803cdc06b) Importer(815301076,1909f56bfc062723c751e8b465ee728b)  -> (artifact id: 'ef25cca04efd912ddf31514e8b964f7c') in 0.016156 seconds
Number of updated asset objects reloaded before import = 0
Number of asset objects unloaded after import = 3
========================================================================
Received Import Request.
  Time since last request: 0.000029 seconds.
  path: Assets/Game GUI Vol1/WoodenBlocks/PNG/QuestionMark.png
  artifactKey: Guid(64f0a7f4e869e4a4bb5359134071e196) Importer(815301076,1909f56bfc062723c751e8b465ee728b)
Start importing Assets/Game GUI Vol1/WoodenBlocks/PNG/QuestionMark.png using Guid(64f0a7f4e869e4a4bb5359134071e196) Importer(815301076,1909f56bfc062723c751e8b465ee728b)  -> (artifact id: '38cbbcd03f72e0ca1b7ebc5c428da7ac') in 0.017050 seconds
Number of updated asset objects reloaded before import = 0
Number of asset objects unloaded after import = 3
Editor requested this worker to shutdown with reason: Scaling down because of idle timeout
TcpMessagingSession - receive error: operation aborted. errorcode: 995, details: The I/O operation has been aborted because of either a thread exit or an application request.
AssetImportWorker is now disconnected from the server
Process exiting
Exiting without the bug reporter. Application will terminate with return code 0